src/app/admin/programs/[id]/edit/page.tsx(75,5): error TS2719: Type 'import("C:/Users/User/Documents/Fuad/ICT801/frontend/node_modules/react-hook-form/dist/types/resolvers").Resolver<{ name: string; university: string; level: "bachelor" | "master" | "phd" | "diploma" | "certificate" | "graduate_certificate"; field: string; description: string; duration: string; campusMode: "on-campus...' is not assignable to type 'import("C:/Users/User/Documents/Fuad/ICT801/frontend/node_modules/react-hook-form/dist/types/resolvers").Resolver<{ name: string; university: string; level: "bachelor" | "master" | "phd" | "diploma" | "certificate" | "graduate_certificate"; field: string; description: string; duration: string; campusMode: "on-campus...'. Two different types with this name exist, but they are unrelated.
  Types of parameters 'options' and 'options' are incompatible.
    Type 'import("C:/Users/User/Documents/Fuad/ICT801/frontend/node_modules/react-hook-form/dist/types/resolvers").ResolverOptions<{ name: string; university: string; level: "bachelor" | "master" | "phd" | "diploma" | "certificate" | "graduate_certificate"; field: string; description: string; duration: string; campusMode: "on...' is not assignable to type 'import("C:/Users/User/Documents/Fuad/ICT801/frontend/node_modules/react-hook-form/dist/types/resolvers").ResolverOptions<{ name: string; university: string; level: "bachelor" | "master" | "phd" | "diploma" | "certificate" | "graduate_certificate"; field: string; description: string; duration: string; campusMode: "on...'. Two different types with this name exist, but they are unrelated.
      Type 'unknown' is not assignable to type 'number | "" | undefined'.
src/app/admin/programs/[id]/edit/page.tsx(143,64): error TS2345: Argument of type 'TFieldValues' is not assignable to parameter of type '{ name: string; university: string; level: "bachelor" | "master" | "phd" | "diploma" | "certificate" | "graduate_certificate"; field: string; description: string; duration: string; campusMode: "on-campus" | ... 1 more ... | "hybrid"; ... 6 more ...; website?: string | undefined; }'.
  Type 'FieldValues' is missing the following properties from type '{ name: string; university: string; level: "bachelor" | "master" | "phd" | "diploma" | "certificate" | "graduate_certificate"; field: string; description: string; duration: string; campusMode: "on-campus" | ... 1 more ... | "hybrid"; ... 6 more ...; website?: string | undefined; }': name, university, level, field, and 3 more.
src/app/admin/programs/[id]/edit/page.tsx(153,96): error TS2345: Argument of type 'string | null' is not assignable to parameter of type 'string'.
  Type 'null' is not assignable to type 'string'.
src/app/admin/programs/new/page.tsx(60,5): error TS2719: Type 'import("C:/Users/User/Documents/Fuad/ICT801/frontend/node_modules/react-hook-form/dist/types/resolvers").Resolver<{ name: string; university: string; level: "bachelor" | "master" | "phd" | "diploma" | "certificate" | "graduate_certificate"; field: string; description: string; duration: string; campusMode: "on-campus...' is not assignable to type 'import("C:/Users/User/Documents/Fuad/ICT801/frontend/node_modules/react-hook-form/dist/types/resolvers").Resolver<{ name: string; university: string; level: "bachelor" | "master" | "phd" | "diploma" | "certificate" | "graduate_certificate"; field: string; description: string; duration: string; campusMode: "on-campus...'. Two different types with this name exist, but they are unrelated.
  Types of parameters 'options' and 'options' are incompatible.
    Type 'import("C:/Users/User/Documents/Fuad/ICT801/frontend/node_modules/react-hook-form/dist/types/resolvers").ResolverOptions<{ name: string; university: string; level: "bachelor" | "master" | "phd" | "diploma" | "certificate" | "graduate_certificate"; field: string; description: string; duration: string; campusMode: "on...' is not assignable to type 'import("C:/Users/User/Documents/Fuad/ICT801/frontend/node_modules/react-hook-form/dist/types/resolvers").ResolverOptions<{ name: string; university: string; level: "bachelor" | "master" | "phd" | "diploma" | "certificate" | "graduate_certificate"; field: string; description: string; duration: string; campusMode: "on...'. Two different types with this name exist, but they are unrelated.
      Type 'unknown' is not assignable to type 'number | "" | undefined'.
src/app/admin/programs/new/page.tsx(106,62): error TS2345: Argument of type 'TFieldValues' is not assignable to parameter of type '{ name: string; university: string; level: "bachelor" | "master" | "phd" | "diploma" | "certificate" | "graduate_certificate"; field: string; description: string; duration: string; campusMode: "on-campus" | ... 1 more ... | "hybrid"; ... 6 more ...; website?: string | undefined; }'.
  Type 'FieldValues' is missing the following properties from type '{ name: string; university: string; level: "bachelor" | "master" | "phd" | "diploma" | "certificate" | "graduate_certificate"; field: string; description: string; duration: string; campusMode: "on-campus" | ... 1 more ... | "hybrid"; ... 6 more ...; website?: string | undefined; }': name, university, level, field, and 3 more.
src/app/admin/programs/new/page.tsx(118,94): error TS2345: Argument of type 'string | null' is not assignable to parameter of type 'string'.
  Type 'null' is not assignable to type 'string'.
src/app/admin/universities/[id]/edit/page.tsx(52,5): error TS2322: Type 'Resolver<{ name: string; description: string; location: string; state: string; website: string; type: "public" | "private"; logo?: string | undefined; establishedYear?: unknown; ranking?: unknown; campuses?: string | undefined; }, any, { ...; }>' is not assignable to type 'Resolver<{ name: string; description: string; location: string; state: string; website: string; type: "public" | "private"; logo?: string | undefined; establishedYear?: number | "" | undefined; ranking?: number | ... 1 more ... | undefined; campuses?: string | undefined; }, any, { ...; }>'.
  Types of parameters 'options' and 'options' are incompatible.
    Type 'ResolverOptions<{ name: string; description: string; location: string; state: string; website: string; type: "public" | "private"; logo?: string | undefined; establishedYear?: number | "" | undefined; ranking?: number | ... 1 more ... | undefined; campuses?: string | undefined; }>' is not assignable to type 'ResolverOptions<{ name: string; description: string; location: string; state: string; website: string; type: "public" | "private"; logo?: string | undefined; establishedYear?: unknown; ranking?: unknown; campuses?: string | undefined; }>'.
      Type 'unknown' is not assignable to type 'number | "" | undefined'.
src/app/admin/universities/[id]/edit/page.tsx(114,64): error TS2345: Argument of type 'TFieldValues' is not assignable to parameter of type '{ name: string; description: string; location: string; state: string; website: string; type: "public" | "private"; logo?: string | undefined; establishedYear?: number | "" | undefined; ranking?: number | ... 1 more ... | undefined; campuses?: string | undefined; }'.
  Type 'FieldValues' is missing the following properties from type '{ name: string; description: string; location: string; state: string; website: string; type: "public" | "private"; logo?: string | undefined; establishedYear?: number | "" | undefined; ranking?: number | ... 1 more ... | undefined; campuses?: string | undefined; }': name, description, location, state, and 2 more.
src/app/admin/universities/new/page.tsx(39,5): error TS2322: Type 'Resolver<{ name: string; description: string; location: string; state: string; website: string; type: "public" | "private"; logo?: string | undefined; establishedYear?: unknown; ranking?: unknown; campuses?: string | undefined; internationalStudents?: boolean | undefined; }, any, { ...; }>' is not assignable to type 'Resolver<{ name: string; description: string; location: string; state: string; website: string; type: "public" | "private"; logo?: string | undefined; establishedYear?: number | "" | undefined; ranking?: number | ... 1 more ... | undefined; campuses?: string | undefined; internationalStudents?: boolean | undefined; ...'.
  Types of parameters 'options' and 'options' are incompatible.
    Type 'ResolverOptions<{ name: string; description: string; location: string; state: string; website: string; type: "public" | "private"; logo?: string | undefined; establishedYear?: number | "" | undefined; ranking?: number | ... 1 more ... | undefined; campuses?: string | undefined; internationalStudents?: boolean | unde...' is not assignable to type 'ResolverOptions<{ name: string; description: string; location: string; state: string; website: string; type: "public" | "private"; logo?: string | undefined; establishedYear?: unknown; ranking?: unknown; campuses?: string | undefined; internationalStudents?: boolean | undefined; }>'.
      Type 'unknown' is not assignable to type 'number | "" | undefined'.
src/app/admin/universities/new/page.tsx(82,62): error TS2345: Argument of type 'TFieldValues' is not assignable to parameter of type '{ name: string; description: string; location: string; state: string; website: string; type: "public" | "private"; logo?: string | undefined; establishedYear?: number | "" | undefined; ranking?: number | ... 1 more ... | undefined; campuses?: string | undefined; internationalStudents?: boolean | undefined; }'.
  Type 'FieldValues' is missing the following properties from type '{ name: string; description: string; location: string; state: string; website: string; type: "public" | "private"; logo?: string | undefined; establishedYear?: number | "" | undefined; ranking?: number | ... 1 more ... | undefined; campuses?: string | undefined; internationalStudents?: boolean | undefined; }': name, description, location, state, and 2 more.
src/app/programs/page.tsx(85,88): error TS2345: Argument of type 'string | null' is not assignable to parameter of type 'string'.
  Type 'null' is not assignable to type 'string'.
src/app/programs/page.tsx(96,98): error TS2345: Argument of type 'string | null' is not assignable to parameter of type 'string'.
  Type 'null' is not assignable to type 'string'.
src/app/universities/page.tsx(72,88): error TS2345: Argument of type 'string | null' is not assignable to parameter of type 'string'.
  Type 'null' is not assignable to type 'string'.
src/app/universities/page.tsx(83,86): error TS2345: Argument of type 'string | null' is not assignable to parameter of type 'string'.
  Type 'null' is not assignable to type 'string'.
